{"C:\\Users\\Huyen Nguyen\\Documents\\Code\\web-dev-tech-assessment\\src\\components\\layout\\Header.tsx": {"path":"C:\\Users\\Huyen Nguyen\\Documents\\Code\\web-dev-tech-assessment\\src\\components\\layout\\Header.tsx","all":false,"statementMap":{"0":{"start":{"line":1,"column":0},"end":{"line":1,"column":26}},"2":{"start":{"line":3,"column":0},"end":{"line":3,"column":32}},"3":{"start":{"line":4,"column":0},"end":{"line":4,"column":10}},"4":{"start":{"line":5,"column":0},"end":{"line":5,"column":67}},"5":{"start":{"line":6,"column":0},"end":{"line":6,"column":56}},"6":{"start":{"line":7,"column":0},"end":{"line":7,"column":75}},"7":{"start":{"line":8,"column":0},"end":{"line":8,"column":59}},"8":{"start":{"line":9,"column":0},"end":{"line":9,"column":64}},"9":{"start":{"line":10,"column":0},"end":{"line":10,"column":12}},"10":{"start":{"line":11,"column":0},"end":{"line":11,"column":12}},"11":{"start":{"line":12,"column":0},"end":{"line":12,"column":13}},"13":{"start":{"line":14,"column":0},"end":{"line":14,"column":2}},"15":{"start":{"line":16,"column":0},"end":{"line":16,"column":22}}},"s":{"0":1,"2":1,"3":2,"4":2,"5":2,"6":2,"7":2,"8":2,"9":2,"10":2,"11":2,"13":2,"15":1},"branchMap":{"0":{"type":"branch","line":3,"loc":{"start":{"line":3,"column":25},"end":{"line":14,"column":2}},"locations":[{"start":{"line":3,"column":25},"end":{"line":14,"column":2}}]}},"b":{"0":[2]},"fnMap":{"0":{"name":"Header","decl":{"start":{"line":3,"column":25},"end":{"line":14,"column":2}},"loc":{"start":{"line":3,"column":25},"end":{"line":14,"column":2}},"line":3}},"f":{"0":2}}
,"C:\\Users\\Huyen Nguyen\\Documents\\Code\\web-dev-tech-assessment\\src\\components\\layout\\Layout.tsx": {"path":"C:\\Users\\Huyen Nguyen\\Documents\\Code\\web-dev-tech-assessment\\src\\components\\layout\\Layout.tsx","all":false,"statementMap":{"0":{"start":{"line":1,"column":0},"end":{"line":1,"column":26}},"1":{"start":{"line":2,"column":0},"end":{"line":2,"column":30}},"7":{"start":{"line":8,"column":0},"end":{"line":8,"column":57}},"8":{"start":{"line":9,"column":0},"end":{"line":9,"column":10}},"9":{"start":{"line":10,"column":0},"end":{"line":10,"column":9}},"10":{"start":{"line":11,"column":0},"end":{"line":11,"column":16}},"11":{"start":{"line":12,"column":0},"end":{"line":12,"column":29}},"12":{"start":{"line":13,"column":0},"end":{"line":13,"column":10}},"14":{"start":{"line":15,"column":0},"end":{"line":15,"column":2}},"16":{"start":{"line":17,"column":0},"end":{"line":17,"column":22}}},"s":{"0":1,"1":1,"7":1,"8":1,"9":1,"10":1,"11":1,"12":1,"14":1,"16":1},"branchMap":{"0":{"type":"branch","line":8,"loc":{"start":{"line":8,"column":38},"end":{"line":15,"column":2}},"locations":[{"start":{"line":8,"column":38},"end":{"line":15,"column":2}}]}},"b":{"0":[1]},"fnMap":{"0":{"name":"Layout","decl":{"start":{"line":8,"column":38},"end":{"line":15,"column":2}},"loc":{"start":{"line":8,"column":38},"end":{"line":15,"column":2}},"line":8}},"f":{"0":1}}
,"C:\\Users\\Huyen Nguyen\\Documents\\Code\\web-dev-tech-assessment\\src\\components\\search\\SearchBar.tsx": {"path":"C:\\Users\\Huyen Nguyen\\Documents\\Code\\web-dev-tech-assessment\\src\\components\\search\\SearchBar.tsx","all":false,"statementMap":{"0":{"start":{"line":1,"column":0},"end":{"line":1,"column":59}},"1":{"start":{"line":2,"column":0},"end":{"line":2,"column":41}},"2":{"start":{"line":3,"column":0},"end":{"line":3,"column":42}},"3":{"start":{"line":4,"column":0},"end":{"line":4,"column":50}},"14":{"start":{"line":15,"column":0},"end":{"line":15,"column":46}},"15":{"start":{"line":16,"column":0},"end":{"line":16,"column":15}},"16":{"start":{"line":17,"column":0},"end":{"line":17,"column":21}},"17":{"start":{"line":18,"column":0},"end":{"line":18,"column":14}},"18":{"start":{"line":19,"column":0},"end":{"line":19,"column":18}},"19":{"start":{"line":20,"column":0},"end":{"line":20,"column":21}},"20":{"start":{"line":21,"column":0},"end":{"line":21,"column":19}},"21":{"start":{"line":22,"column":0},"end":{"line":22,"column":7}},"22":{"start":{"line":23,"column":0},"end":{"line":23,"column":49}},"23":{"start":{"line":24,"column":0},"end":{"line":24,"column":59}},"24":{"start":{"line":25,"column":0},"end":{"line":25,"column":25}},"25":{"start":{"line":26,"column":0},"end":{"line":26,"column":50}},"26":{"start":{"line":27,"column":0},"end":{"line":27,"column":77}},"28":{"start":{"line":29,"column":0},"end":{"line":29,"column":19}},"29":{"start":{"line":30,"column":0},"end":{"line":30,"column":18}},"30":{"start":{"line":31,"column":0},"end":{"line":31,"column":36}},"31":{"start":{"line":32,"column":0},"end":{"line":32,"column":46}},"32":{"start":{"line":33,"column":0},"end":{"line":33,"column":7}},"33":{"start":{"line":34,"column":0},"end":{"line":34,"column":6}},"34":{"start":{"line":35,"column":0},"end":{"line":35,"column":9}},"36":{"start":{"line":37,"column":0},"end":{"line":37,"column":19}},"37":{"start":{"line":38,"column":0},"end":{"line":38,"column":27}},"38":{"start":{"line":39,"column":0},"end":{"line":39,"column":35}},"39":{"start":{"line":40,"column":0},"end":{"line":40,"column":5}},"40":{"start":{"line":41,"column":0},"end":{"line":41,"column":24}},"42":{"start":{"line":43,"column":0},"end":{"line":43,"column":73}},"43":{"start":{"line":44,"column":0},"end":{"line":44,"column":33}},"44":{"start":{"line":45,"column":0},"end":{"line":45,"column":20}},"46":{"start":{"line":47,"column":0},"end":{"line":47,"column":34}},"47":{"start":{"line":48,"column":0},"end":{"line":48,"column":44}},"48":{"start":{"line":49,"column":0},"end":{"line":49,"column":5}},"50":{"start":{"line":51,"column":0},"end":{"line":51,"column":48}},"51":{"start":{"line":52,"column":0},"end":{"line":52,"column":29}},"52":{"start":{"line":53,"column":0},"end":{"line":53,"column":32}},"53":{"start":{"line":54,"column":0},"end":{"line":54,"column":33}},"54":{"start":{"line":55,"column":0},"end":{"line":55,"column":14}},"55":{"start":{"line":56,"column":0},"end":{"line":56,"column":34}},"56":{"start":{"line":57,"column":0},"end":{"line":57,"column":7}},"57":{"start":{"line":58,"column":0},"end":{"line":58,"column":12}},"58":{"start":{"line":59,"column":0},"end":{"line":59,"column":4}},"60":{"start":{"line":61,"column":0},"end":{"line":61,"column":30}},"61":{"start":{"line":62,"column":0},"end":{"line":62,"column":23}},"62":{"start":{"line":63,"column":0},"end":{"line":63,"column":21}},"63":{"start":{"line":64,"column":0},"end":{"line":64,"column":5}},"64":{"start":{"line":65,"column":0},"end":{"line":65,"column":30}},"65":{"start":{"line":66,"column":0},"end":{"line":66,"column":4}},"67":{"start":{"line":68,"column":0},"end":{"line":68,"column":71}},"68":{"start":{"line":69,"column":0},"end":{"line":69,"column":32}},"69":{"start":{"line":70,"column":0},"end":{"line":70,"column":45}},"70":{"start":{"line":71,"column":0},"end":{"line":71,"column":70}},"71":{"start":{"line":72,"column":0},"end":{"line":72,"column":8}},"72":{"start":{"line":73,"column":0},"end":{"line":73,"column":37}},"73":{"start":{"line":74,"column":0},"end":{"line":74,"column":45}},"74":{"start":{"line":75,"column":0},"end":{"line":75,"column":49}},"75":{"start":{"line":76,"column":0},"end":{"line":76,"column":8}},"76":{"start":{"line":77,"column":0},"end":{"line":77,"column":65}},"77":{"start":{"line":78,"column":0},"end":{"line":78,"column":64}},"78":{"start":{"line":79,"column":0},"end":{"line":79,"column":35}},"79":{"start":{"line":80,"column":0},"end":{"line":80,"column":21}},"80":{"start":{"line":81,"column":0},"end":{"line":81,"column":32}},"81":{"start":{"line":82,"column":0},"end":{"line":82,"column":5}},"82":{"start":{"line":83,"column":0},"end":{"line":83,"column":4}},"84":{"start":{"line":85,"column":0},"end":{"line":85,"column":29}},"85":{"start":{"line":86,"column":0},"end":{"line":86,"column":17}},"86":{"start":{"line":87,"column":0},"end":{"line":87,"column":30}},"87":{"start":{"line":88,"column":0},"end":{"line":88,"column":33}},"88":{"start":{"line":89,"column":0},"end":{"line":89,"column":30}},"89":{"start":{"line":90,"column":0},"end":{"line":90,"column":4}},"91":{"start":{"line":92,"column":0},"end":{"line":92,"column":57}},"92":{"start":{"line":93,"column":0},"end":{"line":93,"column":25}},"93":{"start":{"line":94,"column":0},"end":{"line":94,"column":30}},"94":{"start":{"line":95,"column":0},"end":{"line":95,"column":19}},"95":{"start":{"line":96,"column":0},"end":{"line":96,"column":4}},"97":{"start":{"line":98,"column":0},"end":{"line":98,"column":10}},"98":{"start":{"line":99,"column":0},"end":{"line":99,"column":77}},"99":{"start":{"line":100,"column":0},"end":{"line":100,"column":150}},"100":{"start":{"line":101,"column":0},"end":{"line":101,"column":61}},"101":{"start":{"line":102,"column":0},"end":{"line":102,"column":16}},"102":{"start":{"line":103,"column":0},"end":{"line":103,"column":26}},"103":{"start":{"line":104,"column":0},"end":{"line":104,"column":23}},"104":{"start":{"line":105,"column":0},"end":{"line":105,"column":25}},"105":{"start":{"line":106,"column":0},"end":{"line":106,"column":40}},"106":{"start":{"line":107,"column":0},"end":{"line":107,"column":35}},"107":{"start":{"line":108,"column":0},"end":{"line":108,"column":94}},"108":{"start":{"line":109,"column":0},"end":{"line":109,"column":37}},"109":{"start":{"line":110,"column":0},"end":{"line":110,"column":12}},"110":{"start":{"line":111,"column":0},"end":{"line":111,"column":21}},"111":{"start":{"line":112,"column":0},"end":{"line":112,"column":19}},"112":{"start":{"line":113,"column":0},"end":{"line":113,"column":35}},"113":{"start":{"line":114,"column":0},"end":{"line":114,"column":83}},"114":{"start":{"line":115,"column":0},"end":{"line":115,"column":39}},"116":{"start":{"line":117,"column":0},"end":{"line":117,"column":35}},"117":{"start":{"line":118,"column":0},"end":{"line":118,"column":21}},"119":{"start":{"line":120,"column":0},"end":{"line":120,"column":14}},"120":{"start":{"line":121,"column":0},"end":{"line":121,"column":15}},"121":{"start":{"line":122,"column":0},"end":{"line":122,"column":159}},"122":{"start":{"line":123,"column":0},"end":{"line":123,"column":32}},"124":{"start":{"line":125,"column":0},"end":{"line":125,"column":22}},"125":{"start":{"line":126,"column":0},"end":{"line":126,"column":46}},"126":{"start":{"line":127,"column":0},"end":{"line":127,"column":17}},"127":{"start":{"line":128,"column":0},"end":{"line":128,"column":29}},"128":{"start":{"line":129,"column":0},"end":{"line":129,"column":121}},"129":{"start":{"line":130,"column":0},"end":{"line":130,"column":35}},"130":{"start":{"line":131,"column":0},"end":{"line":131,"column":69}},"131":{"start":{"line":132,"column":0},"end":{"line":132,"column":83}},"132":{"start":{"line":133,"column":0},"end":{"line":133,"column":20}},"133":{"start":{"line":134,"column":0},"end":{"line":134,"column":21}},"134":{"start":{"line":135,"column":0},"end":{"line":135,"column":53}},"135":{"start":{"line":136,"column":0},"end":{"line":136,"column":17}},"136":{"start":{"line":137,"column":0},"end":{"line":137,"column":27}},"137":{"start":{"line":138,"column":0},"end":{"line":138,"column":73}},"138":{"start":{"line":139,"column":0},"end":{"line":139,"column":70}},"139":{"start":{"line":140,"column":0},"end":{"line":140,"column":19}},"140":{"start":{"line":141,"column":0},"end":{"line":141,"column":65}},"141":{"start":{"line":142,"column":0},"end":{"line":142,"column":68}},"143":{"start":{"line":144,"column":0},"end":{"line":144,"column":28}},"144":{"start":{"line":145,"column":0},"end":{"line":145,"column":19}},"145":{"start":{"line":146,"column":0},"end":{"line":146,"column":15}},"146":{"start":{"line":147,"column":0},"end":{"line":147,"column":15}},"148":{"start":{"line":149,"column":0},"end":{"line":149,"column":12}},"149":{"start":{"line":150,"column":0},"end":{"line":150,"column":10}},"151":{"start":{"line":152,"column":0},"end":{"line":152,"column":2}},"153":{"start":{"line":154,"column":0},"end":{"line":154,"column":25}}},"s":{"0":1,"1":1,"2":1,"3":1,"14":1,"15":42,"16":42,"17":42,"18":42,"19":42,"20":42,"21":42,"22":42,"23":42,"24":42,"25":42,"26":42,"28":42,"29":9,"30":9,"31":7,"32":7,"33":9,"34":42,"36":42,"37":9,"38":0,"39":0,"40":42,"42":42,"43":29,"44":29,"46":29,"47":22,"48":22,"50":29,"51":3,"52":2,"53":2,"54":2,"55":1,"56":1,"57":29,"58":29,"60":42,"61":2,"62":2,"63":2,"64":2,"65":2,"67":42,"68":31,"69":1,"70":1,"71":1,"72":31,"73":1,"74":1,"75":1,"76":30,"77":1,"78":29,"79":0,"80":0,"81":0,"82":31,"84":42,"85":1,"86":1,"87":1,"88":1,"89":1,"91":42,"92":1,"93":1,"94":1,"95":1,"97":42,"98":42,"99":42,"100":42,"101":42,"102":42,"103":42,"104":42,"105":42,"106":42,"107":42,"108":42,"109":42,"110":42,"111":31,"112":31,"113":31,"114":31,"116":31,"117":31,"119":42,"120":42,"121":42,"122":42,"124":42,"125":42,"126":42,"127":42,"128":42,"129":42,"130":0,"131":0,"132":0,"133":42,"134":42,"135":224,"136":224,"137":224,"138":224,"139":224,"140":224,"141":224,"143":224,"144":224,"145":42,"146":42,"148":42,"149":42,"151":42,"153":1},"branchMap":{"0":{"type":"branch","line":15,"loc":{"start":{"line":15,"column":44},"end":{"line":152,"column":2}},"locations":[{"start":{"line":15,"column":44},"end":{"line":152,"column":2}}]},"1":{"type":"branch","line":111,"loc":{"start":{"line":111,"column":11},"end":{"line":118,"column":21}},"locations":[{"start":{"line":111,"column":11},"end":{"line":118,"column":21}}]},"2":{"type":"branch","line":130,"loc":{"start":{"line":130,"column":13},"end":{"line":133,"column":20}},"locations":[{"start":{"line":130,"column":13},"end":{"line":133,"column":20}}]},"3":{"type":"branch","line":29,"loc":{"start":{"line":29,"column":12},"end":{"line":35,"column":5}},"locations":[{"start":{"line":29,"column":12},"end":{"line":35,"column":5}}]},"4":{"type":"branch","line":30,"loc":{"start":{"line":30,"column":11},"end":{"line":34,"column":6}},"locations":[{"start":{"line":30,"column":11},"end":{"line":34,"column":6}}]},"5":{"type":"branch","line":31,"loc":{"start":{"line":31,"column":35},"end":{"line":33,"column":7}},"locations":[{"start":{"line":31,"column":35},"end":{"line":33,"column":7}}]},"6":{"type":"branch","line":37,"loc":{"start":{"line":37,"column":12},"end":{"line":41,"column":5}},"locations":[{"start":{"line":37,"column":12},"end":{"line":41,"column":5}}]},"7":{"type":"branch","line":38,"loc":{"start":{"line":38,"column":26},"end":{"line":40,"column":5}},"locations":[{"start":{"line":38,"column":26},"end":{"line":40,"column":5}}]},"8":{"type":"branch","line":43,"loc":{"start":{"line":43,"column":28},"end":{"line":59,"column":4}},"locations":[{"start":{"line":43,"column":28},"end":{"line":59,"column":4}}]},"9":{"type":"branch","line":47,"loc":{"start":{"line":47,"column":33},"end":{"line":49,"column":5}},"locations":[{"start":{"line":47,"column":33},"end":{"line":49,"column":5}}]},"10":{"type":"branch","line":51,"loc":{"start":{"line":51,"column":41},"end":{"line":58,"column":7}},"locations":[{"start":{"line":51,"column":41},"end":{"line":58,"column":7}}]},"11":{"type":"branch","line":52,"loc":{"start":{"line":52,"column":28},"end":{"line":57,"column":7}},"locations":[{"start":{"line":52,"column":28},"end":{"line":57,"column":7}}]},"12":{"type":"branch","line":55,"loc":{"start":{"line":55,"column":6},"end":{"line":57,"column":7}},"locations":[{"start":{"line":55,"column":6},"end":{"line":57,"column":7}}]},"13":{"type":"branch","line":61,"loc":{"start":{"line":61,"column":23},"end":{"line":66,"column":4}},"locations":[{"start":{"line":61,"column":23},"end":{"line":66,"column":4}}]},"14":{"type":"branch","line":68,"loc":{"start":{"line":68,"column":24},"end":{"line":83,"column":4}},"locations":[{"start":{"line":68,"column":24},"end":{"line":83,"column":4}}]},"15":{"type":"branch","line":69,"loc":{"start":{"line":69,"column":31},"end":{"line":73,"column":15}},"locations":[{"start":{"line":69,"column":31},"end":{"line":73,"column":15}}]},"16":{"type":"branch","line":73,"loc":{"start":{"line":73,"column":4},"end":{"line":82,"column":5}},"locations":[{"start":{"line":73,"column":4},"end":{"line":82,"column":5}}]},"17":{"type":"branch","line":73,"loc":{"start":{"line":73,"column":36},"end":{"line":77,"column":15}},"locations":[{"start":{"line":73,"column":36},"end":{"line":77,"column":15}}]},"18":{"type":"branch","line":77,"loc":{"start":{"line":77,"column":4},"end":{"line":82,"column":5}},"locations":[{"start":{"line":77,"column":4},"end":{"line":82,"column":5}}]},"19":{"type":"branch","line":77,"loc":{"start":{"line":77,"column":25},"end":{"line":77,"column":64}},"locations":[{"start":{"line":77,"column":25},"end":{"line":77,"column":64}}]},"20":{"type":"branch","line":77,"loc":{"start":{"line":77,"column":64},"end":{"line":79,"column":15}},"locations":[{"start":{"line":77,"column":64},"end":{"line":79,"column":15}}]},"21":{"type":"branch","line":79,"loc":{"start":{"line":79,"column":4},"end":{"line":82,"column":5}},"locations":[{"start":{"line":79,"column":4},"end":{"line":82,"column":5}}]},"22":{"type":"branch","line":79,"loc":{"start":{"line":79,"column":34},"end":{"line":82,"column":5}},"locations":[{"start":{"line":79,"column":34},"end":{"line":82,"column":5}}]},"23":{"type":"branch","line":70,"loc":{"start":{"line":70,"column":31},"end":{"line":71,"column":70}},"locations":[{"start":{"line":70,"column":31},"end":{"line":71,"column":70}}]},"24":{"type":"branch","line":71,"loc":{"start":{"line":71,"column":57},"end":{"line":71,"column":70}},"locations":[{"start":{"line":71,"column":57},"end":{"line":71,"column":70}}]},"25":{"type":"branch","line":74,"loc":{"start":{"line":74,"column":31},"end":{"line":75,"column":49}},"locations":[{"start":{"line":74,"column":31},"end":{"line":75,"column":49}}]},"26":{"type":"branch","line":75,"loc":{"start":{"line":75,"column":20},"end":{"line":75,"column":40}},"locations":[{"start":{"line":75,"column":20},"end":{"line":75,"column":40}}]},"27":{"type":"branch","line":85,"loc":{"start":{"line":85,"column":22},"end":{"line":90,"column":4}},"locations":[{"start":{"line":85,"column":22},"end":{"line":90,"column":4}}]},"28":{"type":"branch","line":92,"loc":{"start":{"line":92,"column":32},"end":{"line":96,"column":4}},"locations":[{"start":{"line":92,"column":32},"end":{"line":96,"column":4}}]},"29":{"type":"branch","line":135,"loc":{"start":{"line":135,"column":29},"end":{"line":145,"column":19}},"locations":[{"start":{"line":135,"column":29},"end":{"line":145,"column":19}}]},"30":{"type":"branch","line":139,"loc":{"start":{"line":139,"column":28},"end":{"line":139,"column":68}},"locations":[{"start":{"line":139,"column":28},"end":{"line":139,"column":68}}]},"31":{"type":"branch","line":139,"loc":{"start":{"line":139,"column":52},"end":{"line":139,"column":70}},"locations":[{"start":{"line":139,"column":52},"end":{"line":139,"column":70}}]}},"b":{"0":[42],"1":[31],"2":[0],"3":[9],"4":[9],"5":[7],"6":[9],"7":[0],"8":[29],"9":[22],"10":[3],"11":[2],"12":[1],"13":[2],"14":[31],"15":[1],"16":[30],"17":[1],"18":[29],"19":[1],"20":[1],"21":[28],"22":[0],"23":[1],"24":[0],"25":[1],"26":[0],"27":[1],"28":[1],"29":[224],"30":[3],"31":[221]},"fnMap":{"0":{"name":"SearchBar","decl":{"start":{"line":15,"column":44},"end":{"line":152,"column":2}},"loc":{"start":{"line":15,"column":44},"end":{"line":152,"column":2}},"line":15},"1":{"name":"handleInputChange","decl":{"start":{"line":43,"column":28},"end":{"line":59,"column":4}},"loc":{"start":{"line":43,"column":28},"end":{"line":59,"column":4}},"line":43},"2":{"name":"handleSearch","decl":{"start":{"line":61,"column":23},"end":{"line":66,"column":4}},"loc":{"start":{"line":61,"column":23},"end":{"line":66,"column":4}},"line":61},"3":{"name":"handleKeyDown","decl":{"start":{"line":68,"column":24},"end":{"line":83,"column":4}},"loc":{"start":{"line":68,"column":24},"end":{"line":83,"column":4}},"line":68},"4":{"name":"handleClear","decl":{"start":{"line":85,"column":22},"end":{"line":90,"column":4}},"loc":{"start":{"line":85,"column":22},"end":{"line":90,"column":4}},"line":85},"5":{"name":"handleSuggestionClick","decl":{"start":{"line":92,"column":32},"end":{"line":96,"column":4}},"loc":{"start":{"line":92,"column":32},"end":{"line":96,"column":4}},"line":92},"6":{"name":"onClick","decl":{"start":{"line":141,"column":25},"end":{"line":141,"column":65}},"loc":{"start":{"line":141,"column":25},"end":{"line":141,"column":65}},"line":141},"7":{"name":"onMouseEnter","decl":{"start":{"line":142,"column":30},"end":{"line":142,"column":68}},"loc":{"start":{"line":142,"column":30},"end":{"line":142,"column":68}},"line":142}},"f":{"0":42,"1":29,"2":2,"3":31,"4":1,"5":1,"6":0,"7":0}}
,"C:\\Users\\Huyen Nguyen\\Documents\\Code\\web-dev-tech-assessment\\src\\components\\search\\SearchContainer.tsx": {"path":"C:\\Users\\Huyen Nguyen\\Documents\\Code\\web-dev-tech-assessment\\src\\components\\search\\SearchContainer.tsx","all":false,"statementMap":{"0":{"start":{"line":1,"column":0},"end":{"line":1,"column":40}},"1":{"start":{"line":2,"column":0},"end":{"line":2,"column":52}},"2":{"start":{"line":3,"column":0},"end":{"line":3,"column":36}},"3":{"start":{"line":4,"column":0},"end":{"line":4,"column":44}},"5":{"start":{"line":6,"column":0},"end":{"line":6,"column":41}},"6":{"start":{"line":7,"column":0},"end":{"line":7,"column":42}},"8":{"start":{"line":9,"column":0},"end":{"line":9,"column":9}},"9":{"start":{"line":10,"column":0},"end":{"line":10,"column":12}},"10":{"start":{"line":11,"column":0},"end":{"line":11,"column":17}},"11":{"start":{"line":12,"column":0},"end":{"line":12,"column":17}},"12":{"start":{"line":13,"column":0},"end":{"line":13,"column":16}},"13":{"start":{"line":14,"column":0},"end":{"line":14,"column":20}},"14":{"start":{"line":15,"column":0},"end":{"line":15,"column":23}},"15":{"start":{"line":16,"column":0},"end":{"line":16,"column":21}},"16":{"start":{"line":17,"column":0},"end":{"line":17,"column":19}},"17":{"start":{"line":18,"column":0},"end":{"line":18,"column":23}},"18":{"start":{"line":19,"column":0},"end":{"line":19,"column":10}},"19":{"start":{"line":20,"column":0},"end":{"line":20,"column":16}},"20":{"start":{"line":21,"column":0},"end":{"line":21,"column":19}},"21":{"start":{"line":22,"column":0},"end":{"line":22,"column":18}},"23":{"start":{"line":24,"column":0},"end":{"line":24,"column":46}},"24":{"start":{"line":25,"column":0},"end":{"line":25,"column":25}},"25":{"start":{"line":26,"column":0},"end":{"line":26,"column":4}},"27":{"start":{"line":28,"column":0},"end":{"line":28,"column":56}},"29":{"start":{"line":30,"column":0},"end":{"line":30,"column":10}},"30":{"start":{"line":31,"column":0},"end":{"line":31,"column":55}},"31":{"start":{"line":32,"column":0},"end":{"line":32,"column":16}},"32":{"start":{"line":33,"column":0},"end":{"line":33,"column":35}},"33":{"start":{"line":34,"column":0},"end":{"line":34,"column":33}},"34":{"start":{"line":35,"column":0},"end":{"line":35,"column":41}},"35":{"start":{"line":36,"column":0},"end":{"line":36,"column":47}},"36":{"start":{"line":37,"column":0},"end":{"line":37,"column":43}},"37":{"start":{"line":38,"column":0},"end":{"line":38,"column":47}},"38":{"start":{"line":39,"column":0},"end":{"line":39,"column":8}},"39":{"start":{"line":40,"column":0},"end":{"line":40,"column":20}},"40":{"start":{"line":41,"column":0},"end":{"line":41,"column":32}},"41":{"start":{"line":42,"column":0},"end":{"line":42,"column":21}},"42":{"start":{"line":43,"column":0},"end":{"line":43,"column":25}},"43":{"start":{"line":44,"column":0},"end":{"line":44,"column":21}},"44":{"start":{"line":45,"column":0},"end":{"line":45,"column":31}},"45":{"start":{"line":46,"column":0},"end":{"line":46,"column":35}},"46":{"start":{"line":47,"column":0},"end":{"line":47,"column":33}},"47":{"start":{"line":48,"column":0},"end":{"line":48,"column":37}},"48":{"start":{"line":49,"column":0},"end":{"line":49,"column":10}},"49":{"start":{"line":50,"column":0},"end":{"line":50,"column":8}},"50":{"start":{"line":51,"column":0},"end":{"line":51,"column":10}},"52":{"start":{"line":53,"column":0},"end":{"line":53,"column":2}},"54":{"start":{"line":55,"column":0},"end":{"line":55,"column":31}}},"s":{"0":1,"1":1,"2":1,"3":1,"5":1,"6":3,"8":3,"9":3,"10":3,"11":3,"12":3,"13":3,"14":3,"15":3,"16":3,"17":3,"18":3,"19":3,"20":3,"21":3,"23":3,"24":0,"25":0,"27":3,"29":3,"30":3,"31":3,"32":3,"33":3,"34":3,"35":3,"36":3,"37":3,"38":3,"39":3,"40":3,"41":3,"42":3,"43":3,"44":3,"45":3,"46":3,"47":3,"48":3,"49":3,"50":3,"52":3,"54":1},"branchMap":{"0":{"type":"branch","line":6,"loc":{"start":{"line":6,"column":34},"end":{"line":53,"column":2}},"locations":[{"start":{"line":6,"column":34},"end":{"line":53,"column":2}}]}},"b":{"0":[3]},"fnMap":{"0":{"name":"SearchContainer","decl":{"start":{"line":6,"column":34},"end":{"line":53,"column":2}},"loc":{"start":{"line":6,"column":34},"end":{"line":53,"column":2}},"line":6},"1":{"name":"handlePageChange","decl":{"start":{"line":24,"column":27},"end":{"line":26,"column":4}},"loc":{"start":{"line":24,"column":27},"end":{"line":26,"column":4}},"line":24}},"f":{"0":3,"1":0}}
,"C:\\Users\\Huyen Nguyen\\Documents\\Code\\web-dev-tech-assessment\\src\\components\\search\\SearchResults.tsx": {"path":"C:\\Users\\Huyen Nguyen\\Documents\\Code\\web-dev-tech-assessment\\src\\components\\search\\SearchResults.tsx","all":false,"statementMap":{"0":{"start":{"line":1,"column":0},"end":{"line":1,"column":26}},"10":{"start":{"line":11,"column":0},"end":{"line":11,"column":54}},"11":{"start":{"line":12,"column":0},"end":{"line":12,"column":10}},"12":{"start":{"line":13,"column":0},"end":{"line":13,"column":8}},"13":{"start":{"line":14,"column":0},"end":{"line":14,"column":10}},"14":{"start":{"line":15,"column":0},"end":{"line":15,"column":13}},"15":{"start":{"line":16,"column":0},"end":{"line":16,"column":7}},"16":{"start":{"line":17,"column":0},"end":{"line":17,"column":68}},"17":{"start":{"line":18,"column":0},"end":{"line":18,"column":25}},"18":{"start":{"line":19,"column":0},"end":{"line":19,"column":40}},"19":{"start":{"line":20,"column":0},"end":{"line":20,"column":63}},"20":{"start":{"line":21,"column":0},"end":{"line":21,"column":39}},"21":{"start":{"line":22,"column":0},"end":{"line":22,"column":62}},"22":{"start":{"line":23,"column":0},"end":{"line":23,"column":7}},"23":{"start":{"line":24,"column":0},"end":{"line":24,"column":17}},"24":{"start":{"line":25,"column":0},"end":{"line":25,"column":41}},"25":{"start":{"line":26,"column":0},"end":{"line":26,"column":50}},"26":{"start":{"line":27,"column":0},"end":{"line":27,"column":15}},"27":{"start":{"line":28,"column":0},"end":{"line":28,"column":8}},"28":{"start":{"line":29,"column":0},"end":{"line":29,"column":31}},"29":{"start":{"line":30,"column":0},"end":{"line":30,"column":7}},"30":{"start":{"line":31,"column":0},"end":{"line":31,"column":37}},"31":{"start":{"line":32,"column":0},"end":{"line":32,"column":47}},"32":{"start":{"line":33,"column":0},"end":{"line":33,"column":5}},"33":{"start":{"line":34,"column":0},"end":{"line":34,"column":17}},"34":{"start":{"line":35,"column":0},"end":{"line":35,"column":4}},"36":{"start":{"line":37,"column":0},"end":{"line":37,"column":40}},"38":{"start":{"line":39,"column":0},"end":{"line":39,"column":10}},"39":{"start":{"line":40,"column":0},"end":{"line":40,"column":54}},"40":{"start":{"line":41,"column":0},"end":{"line":41,"column":52}},"41":{"start":{"line":42,"column":0},"end":{"line":42,"column":76}},"42":{"start":{"line":43,"column":0},"end":{"line":43,"column":70}},"44":{"start":{"line":45,"column":0},"end":{"line":45,"column":23}},"45":{"start":{"line":46,"column":0},"end":{"line":46,"column":68}},"46":{"start":{"line":47,"column":0},"end":{"line":47,"column":88}},"47":{"start":{"line":48,"column":0},"end":{"line":48,"column":16}},"49":{"start":{"line":50,"column":0},"end":{"line":50,"column":23}},"50":{"start":{"line":51,"column":0},"end":{"line":51,"column":73}},"54":{"start":{"line":55,"column":0},"end":{"line":55,"column":32}},"55":{"start":{"line":56,"column":0},"end":{"line":56,"column":54}},"56":{"start":{"line":57,"column":0},"end":{"line":57,"column":14}},"57":{"start":{"line":58,"column":0},"end":{"line":58,"column":37}},"58":{"start":{"line":59,"column":0},"end":{"line":59,"column":29}},"59":{"start":{"line":60,"column":0},"end":{"line":60,"column":39}},"60":{"start":{"line":61,"column":0},"end":{"line":61,"column":82}},"62":{"start":{"line":63,"column":0},"end":{"line":63,"column":29}},"63":{"start":{"line":64,"column":0},"end":{"line":64,"column":40}},"64":{"start":{"line":65,"column":0},"end":{"line":65,"column":45}},"65":{"start":{"line":66,"column":0},"end":{"line":66,"column":16}},"66":{"start":{"line":67,"column":0},"end":{"line":67,"column":16}},"67":{"start":{"line":68,"column":0},"end":{"line":68,"column":14}},"68":{"start":{"line":69,"column":0},"end":{"line":69,"column":52}},"69":{"start":{"line":70,"column":0},"end":{"line":70,"column":56}},"71":{"start":{"line":72,"column":0},"end":{"line":72,"column":29}},"72":{"start":{"line":73,"column":0},"end":{"line":73,"column":42}},"73":{"start":{"line":74,"column":0},"end":{"line":74,"column":47}},"74":{"start":{"line":75,"column":0},"end":{"line":75,"column":16}},"75":{"start":{"line":76,"column":0},"end":{"line":76,"column":16}},"76":{"start":{"line":77,"column":0},"end":{"line":77,"column":14}},"77":{"start":{"line":78,"column":0},"end":{"line":78,"column":37}},"78":{"start":{"line":79,"column":0},"end":{"line":79,"column":90}},"80":{"start":{"line":81,"column":0},"end":{"line":81,"column":32}},"81":{"start":{"line":82,"column":0},"end":{"line":82,"column":16}},"82":{"start":{"line":83,"column":0},"end":{"line":83,"column":16}},"83":{"start":{"line":84,"column":0},"end":{"line":84,"column":11}},"85":{"start":{"line":86,"column":0},"end":{"line":86,"column":24}},"86":{"start":{"line":87,"column":0},"end":{"line":87,"column":71}},"87":{"start":{"line":88,"column":0},"end":{"line":88,"column":19}},"88":{"start":{"line":89,"column":0},"end":{"line":89,"column":73}},"89":{"start":{"line":90,"column":0},"end":{"line":90,"column":49}},"90":{"start":{"line":91,"column":0},"end":{"line":91,"column":117}},"91":{"start":{"line":92,"column":0},"end":{"line":92,"column":13}},"93":{"start":{"line":94,"column":0},"end":{"line":94,"column":21}},"94":{"start":{"line":95,"column":0},"end":{"line":95,"column":17}},"95":{"start":{"line":96,"column":0},"end":{"line":96,"column":61}},"96":{"start":{"line":97,"column":0},"end":{"line":97,"column":33}},"98":{"start":{"line":99,"column":0},"end":{"line":99,"column":60}},"99":{"start":{"line":100,"column":0},"end":{"line":100,"column":19}},"100":{"start":{"line":101,"column":0},"end":{"line":101,"column":19}},"101":{"start":{"line":102,"column":0},"end":{"line":102,"column":73}},"102":{"start":{"line":103,"column":0},"end":{"line":103,"column":69}},"103":{"start":{"line":104,"column":0},"end":{"line":104,"column":117}},"104":{"start":{"line":105,"column":0},"end":{"line":105,"column":13}},"106":{"start":{"line":107,"column":0},"end":{"line":107,"column":21}},"107":{"start":{"line":108,"column":0},"end":{"line":108,"column":16}},"109":{"start":{"line":110,"column":0},"end":{"line":110,"column":12}},"110":{"start":{"line":111,"column":0},"end":{"line":111,"column":10}},"112":{"start":{"line":113,"column":0},"end":{"line":113,"column":2}},"114":{"start":{"line":115,"column":0},"end":{"line":115,"column":29}}},"s":{"0":1,"10":1,"11":9,"12":9,"13":9,"14":9,"15":9,"16":9,"17":10,"18":10,"19":10,"20":7,"21":7,"22":7,"23":7,"24":7,"25":7,"26":7,"27":7,"28":7,"29":10,"30":10,"31":10,"32":10,"33":10,"34":10,"36":9,"38":9,"39":9,"40":9,"41":9,"42":9,"44":9,"45":3,"46":3,"47":3,"49":6,"50":5,"54":9,"55":5,"56":5,"57":5,"58":5,"59":5,"60":5,"62":5,"63":5,"64":5,"65":5,"66":5,"67":5,"68":5,"69":5,"71":5,"72":5,"73":5,"74":5,"75":5,"76":5,"77":5,"78":5,"80":5,"81":5,"82":5,"83":9,"85":9,"86":3,"87":3,"88":3,"89":3,"90":3,"91":3,"93":3,"94":3,"95":3,"96":3,"98":3,"99":3,"100":3,"101":3,"102":3,"103":3,"104":3,"106":3,"107":3,"109":9,"110":9,"112":9,"114":1},"branchMap":{"0":{"type":"branch","line":11,"loc":{"start":{"line":11,"column":52},"end":{"line":113,"column":2}},"locations":[{"start":{"line":11,"column":52},"end":{"line":113,"column":2}}]},"1":{"type":"branch","line":42,"loc":{"start":{"line":42,"column":9},"end":{"line":42,"column":76}},"locations":[{"start":{"line":42,"column":9},"end":{"line":42,"column":76}}]},"2":{"type":"branch","line":43,"loc":{"start":{"line":43,"column":9},"end":{"line":43,"column":70}},"locations":[{"start":{"line":43,"column":9},"end":{"line":43,"column":70}}]},"3":{"type":"branch","line":45,"loc":{"start":{"line":45,"column":9},"end":{"line":48,"column":16}},"locations":[{"start":{"line":45,"column":9},"end":{"line":48,"column":16}}]},"4":{"type":"branch","line":47,"loc":{"start":{"line":47,"column":37},"end":{"line":47,"column":49}},"locations":[{"start":{"line":47,"column":37},"end":{"line":47,"column":49}}]},"5":{"type":"branch","line":48,"loc":{"start":{"line":48,"column":10},"end":{"line":51,"column":73}},"locations":[{"start":{"line":48,"column":10},"end":{"line":51,"column":73}}]},"6":{"type":"branch","line":50,"loc":{"start":{"line":50,"column":11},"end":{"line":51,"column":73}},"locations":[{"start":{"line":50,"column":11},"end":{"line":51,"column":73}}]},"7":{"type":"branch","line":86,"loc":{"start":{"line":86,"column":9},"end":{"line":108,"column":16}},"locations":[{"start":{"line":86,"column":9},"end":{"line":108,"column":16}}]},"8":{"type":"branch","line":17,"loc":{"start":{"line":17,"column":24},"end":{"line":35,"column":4}},"locations":[{"start":{"line":17,"column":24},"end":{"line":35,"column":4}}]},"9":{"type":"branch","line":20,"loc":{"start":{"line":20,"column":23},"end":{"line":30,"column":5}},"locations":[{"start":{"line":20,"column":23},"end":{"line":30,"column":5}}]},"10":{"type":"branch","line":55,"loc":{"start":{"line":55,"column":21},"end":{"line":83,"column":16}},"locations":[{"start":{"line":55,"column":21},"end":{"line":83,"column":16}}]},"11":{"type":"branch","line":102,"loc":{"start":{"line":102,"column":23},"end":{"line":102,"column":73}},"locations":[{"start":{"line":102,"column":23},"end":{"line":102,"column":73}}]}},"b":{"0":[9],"1":[1],"2":[2],"3":[3],"4":[0],"5":[6],"6":[5],"7":[3],"8":[10],"9":[7],"10":[5],"11":[1]},"fnMap":{"0":{"name":"SearchResults","decl":{"start":{"line":11,"column":52},"end":{"line":113,"column":2}},"loc":{"start":{"line":11,"column":52},"end":{"line":113,"column":2}},"line":11},"1":{"name":"highlightText","decl":{"start":{"line":17,"column":24},"end":{"line":35,"column":4}},"loc":{"start":{"line":17,"column":24},"end":{"line":35,"column":4}},"line":17},"2":{"name":"onClick","decl":{"start":{"line":89,"column":23},"end":{"line":89,"column":73}},"loc":{"start":{"line":89,"column":23},"end":{"line":89,"column":73}},"line":89},"3":{"name":"onClick","decl":{"start":{"line":102,"column":23},"end":{"line":102,"column":73}},"loc":{"start":{"line":102,"column":23},"end":{"line":102,"column":73}},"line":102}},"f":{"0":9,"1":10,"2":0,"3":1}}
,"C:\\Users\\Huyen Nguyen\\Documents\\Code\\web-dev-tech-assessment\\src\\utils\\hooks\\useError.ts": {"path":"C:\\Users\\Huyen Nguyen\\Documents\\Code\\web-dev-tech-assessment\\src\\utils\\hooks\\useError.ts","all":false,"statementMap":{"0":{"start":{"line":1,"column":0},"end":{"line":1,"column":46}},"2":{"start":{"line":3,"column":0},"end":{"line":3,"column":31}},"3":{"start":{"line":4,"column":0},"end":{"line":4,"column":49}},"5":{"start":{"line":6,"column":0},"end":{"line":6,"column":40}},"6":{"start":{"line":7,"column":0},"end":{"line":7,"column":17}},"7":{"start":{"line":8,"column":0},"end":{"line":8,"column":9}},"9":{"start":{"line":10,"column":0},"end":{"line":10,"column":10}},"10":{"start":{"line":11,"column":0},"end":{"line":11,"column":10}},"11":{"start":{"line":12,"column":0},"end":{"line":12,"column":13}},"12":{"start":{"line":13,"column":0},"end":{"line":13,"column":15}},"13":{"start":{"line":14,"column":0},"end":{"line":14,"column":4}},"14":{"start":{"line":15,"column":0},"end":{"line":15,"column":2}}},"s":{"0":1,"2":1,"3":6,"5":6,"6":1,"7":6,"9":6,"10":6,"11":6,"12":6,"13":6,"14":6},"branchMap":{"0":{"type":"branch","line":3,"loc":{"start":{"line":3,"column":24},"end":{"line":15,"column":2}},"locations":[{"start":{"line":3,"column":24},"end":{"line":15,"column":2}}]},"1":{"type":"branch","line":6,"loc":{"start":{"line":6,"column":33},"end":{"line":8,"column":5}},"locations":[{"start":{"line":6,"column":33},"end":{"line":8,"column":5}}]}},"b":{"0":[6],"1":[1]},"fnMap":{"0":{"name":"useError","decl":{"start":{"line":3,"column":24},"end":{"line":15,"column":2}},"loc":{"start":{"line":3,"column":24},"end":{"line":15,"column":2}},"line":3}},"f":{"0":6}}
,"C:\\Users\\Huyen Nguyen\\Documents\\Code\\web-dev-tech-assessment\\src\\utils\\hooks\\useSearch.ts": {"path":"C:\\Users\\Huyen Nguyen\\Documents\\Code\\web-dev-tech-assessment\\src\\utils\\hooks\\useSearch.ts","all":false,"statementMap":{"0":{"start":{"line":1,"column":0},"end":{"line":1,"column":46}},"4":{"start":{"line":5,"column":0},"end":{"line":5,"column":53}},"5":{"start":{"line":6,"column":0},"end":{"line":6,"column":59}},"6":{"start":{"line":7,"column":0},"end":{"line":7,"column":62}},"7":{"start":{"line":8,"column":0},"end":{"line":8,"column":60}},"9":{"start":{"line":10,"column":0},"end":{"line":10,"column":63}},"10":{"start":{"line":11,"column":0},"end":{"line":11,"column":73}},"12":{"start":{"line":13,"column":0},"end":{"line":13,"column":71}},"13":{"start":{"line":14,"column":0},"end":{"line":14,"column":79}},"15":{"start":{"line":16,"column":0},"end":{"line":16,"column":53}},"17":{"start":{"line":18,"column":0},"end":{"line":18,"column":62}},"18":{"start":{"line":19,"column":0},"end":{"line":19,"column":70}},"20":{"start":{"line":21,"column":0},"end":{"line":21,"column":64}},"21":{"start":{"line":22,"column":0},"end":{"line":22,"column":32}},"22":{"start":{"line":23,"column":0},"end":{"line":23,"column":17}},"23":{"start":{"line":24,"column":0},"end":{"line":24,"column":9}},"24":{"start":{"line":25,"column":0},"end":{"line":25,"column":51}},"25":{"start":{"line":26,"column":0},"end":{"line":26,"column":53}},"26":{"start":{"line":27,"column":0},"end":{"line":27,"column":51}},"27":{"start":{"line":28,"column":0},"end":{"line":28,"column":28}},"28":{"start":{"line":29,"column":0},"end":{"line":29,"column":33}},"29":{"start":{"line":30,"column":0},"end":{"line":30,"column":30}},"30":{"start":{"line":31,"column":0},"end":{"line":31,"column":14}},"31":{"start":{"line":32,"column":0},"end":{"line":32,"column":60}},"32":{"start":{"line":33,"column":0},"end":{"line":33,"column":7}},"33":{"start":{"line":34,"column":0},"end":{"line":34,"column":15}},"34":{"start":{"line":35,"column":0},"end":{"line":35,"column":35}},"35":{"start":{"line":36,"column":0},"end":{"line":36,"column":5}},"36":{"start":{"line":37,"column":0},"end":{"line":37,"column":9}},"38":{"start":{"line":39,"column":0},"end":{"line":39,"column":35}},"39":{"start":{"line":40,"column":0},"end":{"line":40,"column":33}},"40":{"start":{"line":41,"column":0},"end":{"line":41,"column":30}},"41":{"start":{"line":42,"column":0},"end":{"line":42,"column":19}},"42":{"start":{"line":43,"column":0},"end":{"line":43,"column":11}},"43":{"start":{"line":44,"column":0},"end":{"line":44,"column":49}},"44":{"start":{"line":45,"column":0},"end":{"line":45,"column":27}},"45":{"start":{"line":46,"column":0},"end":{"line":46,"column":53}},"46":{"start":{"line":47,"column":0},"end":{"line":47,"column":9}},"47":{"start":{"line":48,"column":0},"end":{"line":48,"column":43}},"49":{"start":{"line":50,"column":0},"end":{"line":50,"column":47}},"50":{"start":{"line":51,"column":0},"end":{"line":51,"column":43}},"52":{"start":{"line":53,"column":0},"end":{"line":53,"column":61}},"53":{"start":{"line":54,"column":0},"end":{"line":54,"column":51}},"54":{"start":{"line":55,"column":0},"end":{"line":55,"column":30}},"55":{"start":{"line":56,"column":0},"end":{"line":56,"column":35}},"56":{"start":{"line":57,"column":0},"end":{"line":57,"column":32}},"57":{"start":{"line":58,"column":0},"end":{"line":58,"column":16}},"58":{"start":{"line":59,"column":0},"end":{"line":59,"column":48}},"59":{"start":{"line":60,"column":0},"end":{"line":60,"column":9}},"60":{"start":{"line":61,"column":0},"end":{"line":61,"column":17}},"61":{"start":{"line":62,"column":0},"end":{"line":62,"column":33}},"62":{"start":{"line":63,"column":0},"end":{"line":63,"column":7}},"63":{"start":{"line":64,"column":0},"end":{"line":64,"column":6}},"64":{"start":{"line":65,"column":0},"end":{"line":65,"column":14}},"65":{"start":{"line":66,"column":0},"end":{"line":66,"column":4}},"67":{"start":{"line":68,"column":0},"end":{"line":68,"column":10}},"68":{"start":{"line":69,"column":0},"end":{"line":69,"column":12}},"69":{"start":{"line":70,"column":0},"end":{"line":70,"column":17}},"70":{"start":{"line":71,"column":0},"end":{"line":71,"column":16}},"71":{"start":{"line":72,"column":0},"end":{"line":72,"column":20}},"72":{"start":{"line":73,"column":0},"end":{"line":73,"column":23}},"73":{"start":{"line":74,"column":0},"end":{"line":74,"column":19}},"74":{"start":{"line":75,"column":0},"end":{"line":75,"column":23}},"75":{"start":{"line":76,"column":0},"end":{"line":76,"column":10}},"76":{"start":{"line":77,"column":0},"end":{"line":77,"column":21}},"77":{"start":{"line":78,"column":0},"end":{"line":78,"column":17}},"78":{"start":{"line":79,"column":0},"end":{"line":79,"column":16}},"79":{"start":{"line":80,"column":0},"end":{"line":80,"column":19}},"80":{"start":{"line":81,"column":0},"end":{"line":81,"column":4}},"81":{"start":{"line":82,"column":0},"end":{"line":82,"column":2}}},"s":{"0":1,"4":1,"5":14,"6":14,"7":14,"9":14,"10":14,"12":14,"13":14,"15":14,"17":14,"18":14,"20":14,"21":3,"22":3,"23":3,"24":3,"25":2,"26":2,"27":3,"28":1,"29":1,"30":1,"31":0,"32":0,"33":3,"34":3,"35":3,"36":14,"38":14,"39":14,"40":2,"41":2,"42":2,"43":2,"44":2,"45":0,"46":0,"47":1,"49":1,"50":1,"52":1,"53":1,"54":1,"55":1,"56":1,"57":1,"58":0,"59":0,"60":2,"61":2,"62":2,"63":2,"64":14,"65":14,"67":14,"68":14,"69":14,"70":14,"71":14,"72":14,"73":14,"74":14,"75":14,"76":14,"77":14,"78":14,"79":14,"80":14,"81":14},"branchMap":{"0":{"type":"branch","line":5,"loc":{"start":{"line":5,"column":25},"end":{"line":82,"column":2}},"locations":[{"start":{"line":5,"column":25},"end":{"line":82,"column":2}}]},"1":{"type":"branch","line":21,"loc":{"start":{"line":21,"column":39},"end":{"line":37,"column":5}},"locations":[{"start":{"line":21,"column":39},"end":{"line":37,"column":5}}]},"2":{"type":"branch","line":25,"loc":{"start":{"line":25,"column":49},"end":{"line":28,"column":13}},"locations":[{"start":{"line":25,"column":49},"end":{"line":28,"column":13}}]},"3":{"type":"branch","line":28,"loc":{"start":{"line":28,"column":4},"end":{"line":34,"column":6}},"locations":[{"start":{"line":28,"column":4},"end":{"line":34,"column":6}}]},"4":{"type":"branch","line":31,"loc":{"start":{"line":31,"column":6},"end":{"line":33,"column":7}},"locations":[{"start":{"line":31,"column":6},"end":{"line":33,"column":7}}]},"5":{"type":"branch","line":40,"loc":{"start":{"line":40,"column":4},"end":{"line":64,"column":6}},"locations":[{"start":{"line":40,"column":4},"end":{"line":64,"column":6}}]},"6":{"type":"branch","line":44,"loc":{"start":{"line":44,"column":47},"end":{"line":45,"column":26}},"locations":[{"start":{"line":44,"column":47},"end":{"line":45,"column":26}}]},"7":{"type":"branch","line":45,"loc":{"start":{"line":45,"column":26},"end":{"line":47,"column":9}},"locations":[{"start":{"line":45,"column":26},"end":{"line":47,"column":9}}]},"8":{"type":"branch","line":47,"loc":{"start":{"line":47,"column":8},"end":{"line":61,"column":8}},"locations":[{"start":{"line":47,"column":8},"end":{"line":61,"column":8}}]},"9":{"type":"branch","line":58,"loc":{"start":{"line":58,"column":8},"end":{"line":60,"column":9}},"locations":[{"start":{"line":58,"column":8},"end":{"line":60,"column":9}}]}},"b":{"0":[14],"1":[3],"2":[2],"3":[1],"4":[0],"5":[2],"6":[1],"7":[0],"8":[1],"9":[0]},"fnMap":{"0":{"name":"useSearch","decl":{"start":{"line":5,"column":25},"end":{"line":82,"column":2}},"loc":{"start":{"line":5,"column":25},"end":{"line":82,"column":2}},"line":5}},"f":{"0":14}}
}
